[06/13/26 23:30:41] INFO     Processing request of type            server.py:727
                             CallToolRequest                                    
                    INFO     Processing request of type            server.py:727
                             ListToolsRequest                                   
[06/13/26 23:31:03] INFO     Processing request of type            server.py:727
                             CallToolRequest                                    
                    INFO     Processing request of type            server.py:727
                             ListToolsRequest                                   
[06/13/26 23:31:21] INFO     Processing request of type            server.py:727
                             CallToolRequest                                    
                    INFO     Processing request of type            server.py:727
                             ListToolsRequest                                   

══════════════════════════════════════════════════════════════════════════════
session s8_part3_exactchars  ─  query: Write a short tagline for a privacy-first email app. It must be EXACTLY 30 characters long, including spaces.
══════════════════════════════════════════════════════════════════════════════
[memory.read] 8 hit(s) visible to every skill this run
[n:1] planner            complete (4.8s)
[n:2] writer             complete (5.2s)
[n:3] critic             complete (5.8s)
  ↪ critic-fail recovery: planner node n:5 for n:2
[n:5] planner            complete (11.7s)
[n:6] writer             complete (0.8s)
[n:7] critic             complete (8.5s)
  ↪ critic-fail recovery: planner node n:9 for n:6
[n:9] planner            complete (4.3s)
[n:10] writer             complete (8.9s)
[n:11] critic             complete (6.0s)
[n:12] formatter          complete (3.6s)

══════════════════════════════════════════════════════════════════════════════
FINAL: Your email, kept truly secret.
══════════════════════════════════════════════════════════════════════════════

