[06/13/26 23:07:54] INFO     Processing request of type            server.py:727
                             CallToolRequest                                    
[06/13/26 23:07:55] INFO     response:                                lib.rs:444
                             https://en.wikipedia.org/w/api.php?actio           
                             n=opensearch&profile=fuzzy&limit=1&searc           
                             h=total%20land%20area%20of%20Germany%20s           
                             quare%20kilometers 200                             
[06/13/26 23:07:56] INFO     response:                                lib.rs:444
                             https://grokipedia.com/api/typeahead?que           
                             ry=total+land+area+of+Germany+square+kil           
                             ometers&limit=1 200                                
[06/13/26 23:07:58] INFO     Processing request of type            server.py:727
                             CallToolRequest                                    
[06/13/26 23:07:58] INFO     response:                                lib.rs:444
                             https://www.mojeek.com/search?q=total+la           
                             nd+area+of+Germany+square+kilometers 200           
                    INFO     Processing request of type            server.py:727
                             ListToolsRequest                                   
                    INFO     response:                                lib.rs:444
                             https://grokipedia.com/api/typeahead?que           
                             ry=total+land+area+of+Spain+in+square+ki           
                             lometers&limit=1 200                               
                    INFO     response:                                lib.rs:444
                             https://en.wikipedia.org/w/api.php?actio           
                             n=opensearch&profile=fuzzy&limit=1&searc           
                             h=total%20land%20area%20of%20Spain%20in%           
                             20square%20kilometers 200                          
[06/13/26 23:07:59] INFO     response:                                lib.rs:444
                             https://search.brave.com/search?q=total+           
                             land+area+of+Spain+in+square+kilometers&           
                             source=web 200                                     
                    INFO     Processing request of type            server.py:727
                             ListToolsRequest                                   
[06/13/26 23:08:01] INFO     Processing request of type            server.py:727
                             CallToolRequest                                    
[06/13/26 23:08:02] INFO     response:                                lib.rs:444
                             https://en.wikipedia.org/w/api.php?actio           
                             n=opensearch&profile=fuzzy&limit=1&searc           
                             h=total%20land%20area%20of%20France%20in           
                             %20square%20kilometers 200                         
                    INFO     response:                                lib.rs:444
                             https://grokipedia.com/api/typeahead?que           
                             ry=total+land+area+of+France+in+square+k           
                             ilometers&limit=1 200                              
[06/13/26 23:08:03] INFO     response:                                lib.rs:444
                             https://yandex.com/search/site/?text=tot           
                             al+land+area+of+France+in+square+kilomet           
                             ers&web=1&searchid=1904381 200                     
[06/13/26 23:08:04] INFO     Processing request of type            server.py:727
                             ListToolsRequest                                   
[06/13/26 23:08:07] INFO     Processing request of type            server.py:727
                             CallToolRequest                                    
[06/13/26 23:08:10] INFO     Processing request of type            server.py:727
                             CallToolRequest                                    
[06/13/26 23:08:20] INFO     Processing request of type            server.py:727
                             CallToolRequest                                    
[06/13/26 23:08:26] INFO     Processing request of type            server.py:727
                             CallToolRequest                                    
[06/13/26 23:08:35] INFO     Processing request of type            server.py:727
                             CallToolRequest                                    

══════════════════════════════════════════════════════════════════════════════
session s8_part2_fanout  ─  query: Find the land areas in square kilometers of France, Spain, and Germany, and tell me how much larger the biggest is than the smallest.
══════════════════════════════════════════════════════════════════════════════
[memory.read] 6 hit(s) visible to every skill this run
[n:1] planner            complete (6.2s)
[n:2] researcher         complete (44.7s)
[n:3] researcher         complete (23.1s)
[n:4] researcher         complete (45.0s)
[n:5] coder              complete (4.3s)
[n:6] formatter          complete (3.5s)
[n:7] sandbox_executor   complete (0.1s)

══════════════════════════════════════════════════════════════════════════════
FINAL: The land areas for the three countries are as follows: France has 640,427 square kilometers, Spain has 499,697 square kilometers, and Germany has 348,672 square kilometers. France is the largest and Germany is the smallest, with a difference of 291,755 square kilometers.
══════════════════════════════════════════════════════════════════════════════

