[06/13/26 23:01:57] INFO     Processing request of type            server.py:727
                             CallToolRequest                                    
[06/13/26 23:01:58] INFO     response:                                lib.rs:444
                             https://en.wikipedia.org/w/api.php?actio           
                             n=opensearch&profile=fuzzy&limit=1&searc           
                             h=current%20population%20and%20annual%20           
                             growth%20rate%20of%20Cairo%202024%202025           
                              200                                               
                    INFO     response:                                lib.rs:444
                             https://grokipedia.com/api/typeahead?que           
                             ry=current+population+and+annual+growth+           
                             rate+of+Cairo+2024+2025&limit=1 200                
                    INFO     response: https://www.startpage.com/ 200 lib.rs:444
[06/13/26 23:02:00] INFO     response:                                lib.rs:444
                             https://www.startpage.com/sp/search 200            
                    INFO     Processing request of type            server.py:727
                             ListToolsRequest                                   
[06/13/26 23:02:01] INFO     Processing request of type            server.py:727
                             CallToolRequest                                    
                    INFO     response:                                lib.rs:444
                             https://en.wikipedia.org/w/api.php?actio           
                             n=opensearch&profile=fuzzy&limit=1&searc           
                             h=current%20population%20and%20annual%20           
                             growth%20rate%20of%20Lagos%20Nigeria%202           
                             024%202025 200                                     
                    INFO     response:                                lib.rs:444
                             https://grokipedia.com/api/typeahead?que           
                             ry=current+population+and+annual+growth+           
                             rate+of+Lagos+Nigeria+2024+2025&limit=1            
                             200                                                
                    INFO     HTTP Request: POST                  _client.py:1025
                             https://html.duckduckgo.com/html/                  
                             "HTTP/2 202 Accepted"                              
[06/13/26 23:02:02] INFO     response: https://www.startpage.com/ 200 lib.rs:444
[06/13/26 23:02:03] INFO     response:                                lib.rs:444
                             https://www.startpage.com/sp/search 200            
[06/13/26 23:02:04] INFO     Processing request of type            server.py:727
                             ListToolsRequest                                   
[06/13/26 23:02:05] INFO     Processing request of type            server.py:727
                             CallToolRequest                                    
                    INFO     response:                                lib.rs:444
                             https://en.wikipedia.org/w/api.php?actio           
                             n=opensearch&profile=fuzzy&limit=1&searc           
                             h=current%20population%20and%20annual%20           
                             growth%20rate%20of%20Kinshasa 200                  
                    INFO     response:                                lib.rs:444
                             https://grokipedia.com/api/typeahead?que           
                             ry=current+population+and+annual+growth+           
                             rate+of+Kinshasa&limit=1 200                       
[06/13/26 23:02:06] INFO     response:                                lib.rs:444
                             https://search.yahoo.com/search;_ylt=YKr           
                             8ilgyvIkUm22SaFBzVB0g;_ylu=kq7ob0rBPMwJe           
                             CvLNGRLADD90wyyWpHSjSVbR11kIiWJZaE?p=cur           
                             rent+population+and+annual+growth+rate+o           
                             f+Kinshasa 200                                     
[06/13/26 23:02:07] INFO     Processing request of type            server.py:727
                             ListToolsRequest                                   
[06/13/26 23:02:09] INFO     Processing request of type            server.py:727
                             CallToolRequest                                    
[06/13/26 23:02:19] INFO     Processing request of type            server.py:727
                             CallToolRequest                                    
[06/13/26 23:02:21] INFO     Processing request of type            server.py:727
                             CallToolRequest                                    
[06/13/26 23:02:30] INFO     Processing request of type            server.py:727
                             CallToolRequest                                    

══════════════════════════════════════════════════════════════════════════════
session s8-9f501d96  ─  query: For Lagos, Cairo, and Kinshasa, find current populations and growth rates and tell me which is growing fastest.
══════════════════════════════════════════════════════════════════════════════
[memory.read] 3 hit(s) visible to every skill this run
[n:1] planner            complete (6.9s)
[n:2] researcher         complete (41.0s)
[n:3] researcher         complete (35.4s)
[n:4] researcher         complete (23.2s)
[n:5] coder              complete (8.1s)
[n:6] formatter          complete (4.5s)
[n:7] sandbox_executor   complete (0.1s)

══════════════════════════════════════════════════════════════════════════════
FINAL: Based on current demographic estimates, here is the population and annual growth rate data for the three cities:

| City | Estimated Population | Annual Growth Rate |
| :--- | :--- | :--- |
| Lagos | 17–21 million | 2.5% – 3.7% |
| Cairo | 22–23+ million | 1.07% – 2.0% |
| Kinshasa | 17.78–18+ million | 4.3% – 5.1% |

Among these three cities, Kinshasa is growing the fastest, with an annual growth rate estimated between 4.3% and 5.1%.
══════════════════════════════════════════════════════════════════════════════

