[06/13/26 23:06:35] INFO     Processing request of type            server.py:727
                             CallToolRequest                                    
[06/13/26 23:06:36] INFO     response:                                lib.rs:444
                             https://en.wikipedia.org/w/api.php?actio           
                             n=opensearch&profile=fuzzy&limit=1&searc           
                             h=current%20population%20and%20annual%20           
                             growth%20rate%20of%20Kinshasa%202024%202           
                             025 200                                            
[06/13/26 23:06:37] INFO     Processing request of type            server.py:727
                             CallToolRequest                                    
[06/13/26 23:06:37] INFO     response:                                lib.rs:444
                             https://grokipedia.com/api/typeahead?que           
                             ry=current+population+and+annual+growth+           
                             rate+of+Kinshasa+2024+2025&limit=1 200             
[06/13/26 23:06:38] INFO     response:                                lib.rs:444
                             https://grokipedia.com/api/typeahead?que           
                             ry=current+population+and+annual+growth+           
                             rate+of+Cairo+2024+2025&limit=1 200                
                    INFO     response:                                lib.rs:444
                             https://en.wikipedia.org/w/api.php?actio           
                             n=opensearch&profile=fuzzy&limit=1&searc           
                             h=current%20population%20and%20annual%20           
                             growth%20rate%20of%20Cairo%202024%202025           
                              200                                               
[06/13/26 23:06:38] INFO     response:                                lib.rs:444
                             https://search.yahoo.com/search;_ylt=tQn           
                             9MpnsGaItJT8mM64RSKWt;_ylu=CKjvAyj_V_Jaf           
                             -xld59L8TIFN4e4JPhQeqKVrSt4TLZseQE?p=cur           
                             rent+population+and+annual+growth+rate+o           
                             f+Kinshasa+2024+2025 200                           
                    INFO     Processing request of type            server.py:727
                             ListToolsRequest                                   
[06/13/26 23:06:39] INFO     response:                                lib.rs:444
                             https://search.brave.com/search?q=curren           
                             t+population+and+annual+growth+rate+of+C           
                             airo+2024+2025&source=web 200                      
                    INFO     Processing request of type            server.py:727
                             ListToolsRequest                                   
[06/13/26 23:06:41] INFO     Processing request of type            server.py:727
                             CallToolRequest                                    
                    INFO     response:                                lib.rs:444
                             https://grokipedia.com/api/typeahead?que           
                             ry=current+population+and+annual+growth+           
                             rate+of+Lagos+2024+2025&limit=1 200                
                    INFO     response:                                lib.rs:444
                             https://en.wikipedia.org/w/api.php?actio           
                             n=opensearch&profile=fuzzy&limit=1&searc           
                             h=current%20population%20and%20annual%20           
                             growth%20rate%20of%20Lagos%202024%202025           
                              200                                               
[06/13/26 23:06:42] INFO     response:                                lib.rs:444
                             https://yandex.com/search/site/?text=cur           
                             rent+population+and+annual+growth+rate+o           
                             f+Lagos+2024+2025&web=1&searchid=1760319           
                              200                                               
[06/13/26 23:06:43] INFO     response:                                lib.rs:444
                             https://search.yahoo.com/search;_ylt=DVN           
                             6dBnuhylYWmT2l_GqeXGs;_ylu=glaHlGjmRddVI           
                             bgz4W2p303RVkL1acFfzGJKAmN-Ceq1bW8?p=cur           
                             rent+population+and+annual+growth+rate+o           
                             f+Lagos+2024+2025 200                              
                    INFO     Processing request of type            server.py:727
                             ListToolsRequest                                   
[06/13/26 23:06:45] INFO     Processing request of type            server.py:727
                             CallToolRequest                                    
[06/13/26 23:06:48] INFO     Processing request of type            server.py:727
                             CallToolRequest                                    
[06/13/26 23:06:54] INFO     Processing request of type            server.py:727
                             CallToolRequest                                    

══════════════════════════════════════════════════════════════════════════════
session s8_K_resume_demo  ─  query: For Lagos, Cairo, and Kinshasa, find current populations and growth rates and tell me which is growing fastest.
══════════════════════════════════════════════════════════════════════════════
[memory.read] 5 hit(s) visible to every skill this run
[n:2] researcher         complete (37.2s)
[n:3] researcher         complete (28.8s)
[n:4] researcher         complete (32.5s)
[n:5] coder              complete (6.2s)
[n:6] formatter          complete (1.1s)
[n:7] sandbox_executor   complete (0.1s)

══════════════════════════════════════════════════════════════════════════════
FINAL: Based on the provided data, here are the annual population growth rates for the three cities: Kinshasa (4.38%), Lagos (3.75%), and Cairo (1.99%). Among these, Kinshasa is the fastest-growing city with an annual growth rate of 4.38%.
══════════════════════════════════════════════════════════════════════════════

